빌드 시작: 2016-06-17 오후 5:38:21
     1>2 노드의 "c:\Users\SAMSUNG\documents\visual studio 2010\Projects\Tetris_Project\Tetris_Project.vcxproj" 프로젝트(build 대상)입니다.
     1>InitializeBuildStatus:
         "AlwaysCreate"이(가) 지정되었기 때문에 "Debug\Tetris_Project.unsuccessfulbuild"을(를) 만들고 있습니다.
       ClCompile:
         C:\Program Files (x86)\Microsoft Visual Studio 10.0\VC\bin\CL.exe /c /ZI /nologo /W3 /WX- /Od /Oy- /D WIN32 /D _DEBUG /D _CONSOLE /D _UNICODE /D UNICODE /Gm /EHsc /RTC1 /MDd /GS /fp:precise /Zc:wchar_t /Zc:forScope /Fo"Debug\\" /Fd"Debug\vc100.pdb" /Gd /TC /analyze- /errorReport:prompt "..\..\..\..\Downloads\CpowerSrc\PART2. 실력 완성을 위한 단계별 프로젝트\4차. 테트리스 게임\4단계\프로젝트 답안\blockStageControl.c" "..\..\..\..\Downloads\CpowerSrc\PART2. 실력 완성을 위한 단계별 프로젝트\4차. 테트리스 게임\4단계\프로젝트 답안\keyCurControl.c" "..\..\..\..\Downloads\CpowerSrc\PART2. 실력 완성을 위한 단계별 프로젝트\4차. 테트리스 게임\4단계\프로젝트 답안\scoreLevelControl.c" "..\..\..\..\Downloads\CpowerSrc\PART2. 실력 완성을 위한 단계별 프로젝트\4차. 테트리스 게임\4단계\프로젝트 답안\tetrisMain.c"
         tetrisMain.c
         scoreLevelControl.c
         keyCurControl.c
         blockStageControl.c
         코드를 생성하고 있습니다...
       ManifestResourceCompile:
         모든 출력이 최신 상태입니다.
       Link:
         C:\Program Files (x86)\Microsoft Visual Studio 10.0\VC\bin\link.exe /ERRORREPORT:PROMPT /OUT:"c:\users\samsung\documents\visual studio 2010\Projects\Tetris_Project\Debug\Tetris_Project.exe" /INCREMENTAL /NOLOGO kernel32.lib user32.lib gdi32.lib winspool.lib comdlg32.lib advapi32.lib shell32.lib ole32.lib oleaut32.lib uuid.lib odbc32.lib odbccp32.lib /MANIFEST /ManifestFile:"Debug\Tetris_Project.exe.intermediate.manifest" /MANIFESTUAC:"level='asInvoker' uiAccess='false'" /DEBUG /PDB:"c:\users\samsung\documents\visual studio 2010\Projects\Tetris_Project\Debug\Tetris_Project.pdb" /SUBSYSTEM:CONSOLE /TLBID:1 /DYNAMICBASE /NXCOMPAT /IMPLIB:"c:\users\samsung\documents\visual studio 2010\Projects\Tetris_Project\Debug\Tetris_Project.lib" /MACHINE:X86 Debug\Tetris_Project.exe.embed.manifest.res
         Debug\blockStageControl.obj
         Debug\keyCurControl.obj
         Debug\scoreLevelControl.obj
         Debug\tetrisMain.obj
       Manifest:
         C:\Program Files (x86)\Microsoft SDKs\Windows\v7.0A\bin\mt.exe /nologo /verbose /out:"Debug\Tetris_Project.exe.embed.manifest" /manifest Debug\Tetris_Project.exe.intermediate.manifest
         모든 출력이 최신 상태입니다.
       LinkEmbedManifest:
         모든 출력이 최신 상태입니다.
         Tetris_Project.vcxproj -> c:\users\samsung\documents\visual studio 2010\Projects\Tetris_Project\Debug\Tetris_Project.exe
       FinalizeBuildStatus:
         "Debug\Tetris_Project.unsuccessfulbuild" 파일을 삭제하고 있습니다.
         "Debug\Tetris_Project.lastbuildstate"에 연결(touching)하고 있습니다.
     1>"c:\Users\SAMSUNG\documents\visual studio 2010\Projects\Tetris_Project\Tetris_Project.vcxproj" 프로젝트를 빌드했습니다(build 대상).

빌드했습니다.

경과 시간: 00:00:03.20
